
09:52:26.057 [info] Loading 75 CA(s) from :otp store

08:24:53.546 [info] Loading 75 CA(s) from :otp store

08:29:54.784 [info] Loading 75 CA(s) from :otp store

08:29:55.221 id=0 [debug] handled request client -> server initialize in 277ms

08:29:55.766 [debug] sent notification server -> client window/logMessage

08:29:55.794 [debug] sent notification server -> client window/logMessage

08:29:55.794 id=135 [debug] sent request server -> client client/registerCapability

08:29:55.794 [info] [extension] Credo initializing with options %NextLS.InitOpts.Extensions.Credo{enable: true, cli_options: []}

08:29:55.914 [debug] sent notification server -> client window/logMessage

08:29:55.925 id=130 [debug] sent request server -> client window/workDoneProgress/create

08:29:55.964 [debug] sent notification server -> client window/logMessage

08:29:55.964 [error] LSP Exited.

Last message received: handle_notification %{"jsonrpc" => "2.0", "method" => "initialized", "params" => %{}}

** (MatchError) no match of right hand side value: {:error, {%File.Error{reason: :enoent, path: "/Ubuntu/home/tiago/dev/rinha-de-backend-2024/rinha_2024/.elixir-tools", action: "make directory (with -p)"}, [{File, :mkdir_p!, 1, [file: ~c"lib/file.ex", line: 345]}, {NextLS.Runtime.Supervisor, :init, 1, [file: ~c"lib/next_ls/runtime/supervisor.ex", line: 18]}, {:supervisor, :init, 1, [file: ~c"supervisor.erl", line: 330]}, {:gen_server, :init_it, 2, [file: ~c"gen_server.erl", line: 980]}, {:gen_server, :init_it, 6, [file: ~c"gen_server.erl", line: 935]}, {:proc_lib, :init_p_do_apply, 3, [file: ~c"proc_lib.erl", line: 241]}]}}
    (next_ls 0.20.2) lib/next_ls.ex:825: anonymous fn/4 in NextLS.handle_notification/2
    (elixir 1.17.0-dev) lib/enum.ex:2527: Enum."-reduce/3-lists^foldl/2-0-"/3
    (next_ls 0.20.2) lib/next_ls.ex:820: NextLS.handle_notification/2
    (gen_lsp 0.8.1) lib/gen_lsp.ex:341: anonymous fn/2 in GenLSP.loop/3
    (telemetry 1.2.1) /Users/runner/work/next-ls/next-ls/deps/telemetry/src/telemetry.erl:321: :telemetry.span/3
    (gen_lsp 0.8.1) lib/gen_lsp.ex:340: anonymous fn/5 in GenLSP.loop/3
    (gen_lsp 0.8.1) lib/gen_lsp.ex:397: GenLSP.attempt/4
    (stdlib 5.2) proc_lib.erl:241: :proc_lib.init_p_do_apply/3




08:29:55.965 [debug] sent notification server -> client window/logMessage

08:29:55.965 [error] LSP Exited.

Last message received: handle_request %{"id" => 0, "jsonrpc" => "2.0", "method" => "initialize", "params" => %{"capabilities" => %{"general" => %{"markdown" => %{"parser" => "marked", "version" => "1.1.0"}, "positionEncodings" => ["utf-16"], "regularExpressions" => %{"engine" => "ECMAScript", "version" => "ES2020"}, "staleRequestSupport" => %{"cancel" => true, "retryOnContentModified" => ["textDocument/semanticTokens/full", "textDocument/semanticTokens/range", "textDocument/semanticTokens/full/delta"]}}, "notebookDocument" => %{"synchronization" => %{"dynamicRegistration" => true, "executionSummarySupport" => true}}, "textDocument" => %{"callHierarchy" => %{"dynamicRegistration" => true}, "codeAction" => %{"codeActionLiteralSupport" => %{"codeActionKind" => %{"valueSet" => ["", "quickfix", "refactor", "refactor.extract", "refactor.inline", "refactor.rewrite", "source", "source.organizeImports"]}}, "dataSupport" => true, "disabledSupport" => true, "dynamicRegistration" => true, "honorsChangeAnnotations" => true, "isPreferredSupport" => true, "resolveSupport" => %{"properties" => ["edit"]}}, "codeLens" => %{"dynamicRegistration" => true}, "colorProvider" => %{"dynamicRegistration" => true}, "completion" => %{"completionItem" => %{"commitCharactersSupport" => true, "deprecatedSupport" => true, "documentationFormat" => ["markdown", "plaintext"], "insertReplaceSupport" => true, "insertTextModeSupport" => %{"valueSet" => [1, 2]}, "labelDetailsSupport" => true, "preselectSupport" => true, "resolveSupport" => %{"properties" => ["documentation", "detail", "additionalTextEdits"]}, "snippetSupport" => true, "tagSupport" => %{"valueSet" => [1]}}, "completionItemKind" => %{"valueSet" => [1, 2, 3, 4, 5, 6, 7, 8, 9, 10, 11, 12, 13, 14, 15, 16, 17, 18, 19, 20, 21, 22, 23, 24, 25]}, "completionList" => %{"itemDefaults" => ["commitCharacters", "editRange", "insertTextFormat", "insertTextMode", "data"]}, "contextSupport" => true, "dynamicRegistration" => true, "insertTextMode" => 2}, "declaration" => %{"dynamicRegistration" => true, "linkSupport" => true}, "definition" => %{"dynamicRegistration" => true, "linkSupport" => true}, "diagnostic" => %{"dynamicRegistration" => true, "relatedDocumentSupport" => false}, "documentHighlight" => %{"dynamicRegistration" => true}, "documentLink" => %{"dynamicRegistration" => true, "tooltipSupport" => true}, "documentSymbol" => %{"dynamicRegistration" => true, "hierarchicalDocumentSymbolSupport" => true, "labelSupport" => true, "symbolKind" => %{"valueSet" => [1, 2, 3, 4, 5, 6, 7, 8, 9, 10, 11, 12, 13, 14, 15, 16, 17, 18, 19, 20, 21, 22, 23, 24, 25, 26]}, "tagSupport" => %{"valueSet" => [1]}}, "foldingRange" => %{"dynamicRegistration" => true, "foldingRange" => %{"collapsedText" => false}, "foldingRangeKind" => %{"valueSet" => ["comment", "imports", "region"]}, "lineFoldingOnly" => true, "rangeLimit" => 5000}, "formatting" => %{"dynamicRegistration" => true}, "hover" => %{"contentFormat" => ["markdown", "plaintext"], "dynamicRegistration" => true}, "implementation" => %{"dynamicRegistration" => true, "linkSupport" => true}, "inlayHint" => %{"dynamicRegistration" => true, "resolveSupport" => %{"properties" => ["tooltip", "textEdits", "label.tooltip", "label.location", "label.command"]}}, "inlineValue" => %{"dynamicRegistration" => true}, "linkedEditingRange" => %{"dynamicRegistration" => true}, "onTypeFormatting" => %{"dynamicRegistration" => true}, "publishDiagnostics" => %{"codeDescriptionSupport" => true, "dataSupport" => true, "relatedInformation" => true, "tagSupport" => %{"valueSet" => [1, 2]}, "versionSupport" => false}, "rangeFormatting" => %{"dynamicRegistration" => true, "rangesSupport" => true}, "references" => %{"dynamicRegistration" => true}, "rename" => %{"dynamicRegistration" => true, "honorsChangeAnnotations" => true, "prepareSupport" => true, "prepareSupportDefaultBehavior" => 1}, "selectionRange" => %{"dynamicRegistration" => true}, "semanticTokens" => %{"augmentsSyntaxTokens" => true, "dynamicRegistration" => true, "formats" => ["relative"], "multilineTokenSupport" => false, "overlappingTokenSupport" => false, "requests" => %{"full" => %{"delta" => true}, "range" => true}, "serverCancelSupport" => true, "tokenModifiers" => ["declaration", "definition", "readonly", "static", "deprecated", "abstract", "async", "modification", "documentation", ...], "tokenTypes" => ["namespace", "type", "class", "enum", "interface", "struct", "typeParameter", "parameter", ...]}, "signatureHelp" => %{"contextSupport" => true, "dynamicRegistration" => true, "signatureInformation" => %{"activeParameterSupport" => true, "documentationFormat" => ["markdown", "plaintext"], "parameterInformation" => %{"labelOffsetSupport" => true}}}, "synchronization" => %{"didSave" => true, "dynamicRegistration" => true, "willSave" => true, "willSaveWaitUntil" => true}, "typeDefinition" => %{"dynamicRegistration" => true, "linkSupport" => true}, "typeHierarchy" => %{"dynamicRegistration" => true}}, "window" => %{"showDocument" => %{"support" => true}, "showMessage" => %{"messageActionItem" => %{"additionalPropertiesSupport" => true}}, "workDoneProgress" => true}, "workspace" => %{"applyEdit" => true, "codeLens" => %{"refreshSupport" => true}, "configuration" => true, "diagnostics" => %{"refreshSupport" => true}, "didChangeConfiguration" => %{"dynamicRegistration" => true}, "didChangeWatchedFiles" => %{"dynamicRegistration" => true, "relativePatternSupport" => true}, "executeCommand" => %{"dynamicRegistration" => true}, "fileOperations" => %{"didCreate" => true, "didDelete" => true, "didRename" => true, "dynamicRegistration" => true, "willCreate" => true, "willDelete" => true, "willRename" => true}, "foldingRange" => %{"refreshSupport" => true}, "inlayHint" => %{"refreshSupport" => true}, "inlineValue" => %{"refreshSupport" => true}, "semanticTokens" => %{"refreshSupport" => true}, "symbol" => %{"dynamicRegistration" => true, "resolveSupport" => %{"properties" => ["location.range"]}, "symbolKind" => %{"valueSet" => [1, 2, 3, 4, 5, 6, 7, 8, 9, 10, 11, 12, 13, 14, 15, 16, 17, 18, 19, 20, 21, 22, 23, ...]}, "tagSupport" => %{"valueSet" => [1]}}, "workspaceEdit" => %{"changeAnnotationSupport" => %{"groupsOnLabel" => true}, "documentChanges" => true, "failureHandling" => "textOnlyTransactional", "normalizesLineEndings" => true, "resourceOperations" => ["create", "rename", "delete"]}, "workspaceFolders" => true}}, "clientInfo" => %{"name" => "Visual Studio Code", "version" => "1.89.1"}, "initializationOptions" => %{"experimental" => %{"completions" => %{"enable" => false}}, "extensions" => %{"credo" => %{"cli_options" => [], "enable" => true}}, "mix_env" => "dev", "mix_target" => "host"}, "locale" => "en", "processId" => 27792, "rootPath" => "\\\\wsl.localhost\\Ubuntu\\home\\tiago\\dev\\rinha-de-backend-2024\\rinha_2024", "rootUri" => "file://wsl.localhost/Ubuntu/home/tiago/dev/rinha-de-backend-2024/rinha_2024", "trace" => "off", "workspaceFolders" => [%{"name" => "rinha_2024", "uri" => "file://wsl.localhost/Ubuntu/home/tiago/dev/rinha-de-backend-2024/rinha_2024"}]}}

** (MatchError) no match of right hand side value: {:error, {%File.Error{reason: :enoent, path: "/Ubuntu/home/tiago/dev/rinha-de-backend-2024/rinha_2024/.elixir-tools", action: "make directory (with -p)"}, [{File, :mkdir_p!, 1, [file: ~c"lib/file.ex", line: 345]}, {NextLS.Runtime.Supervisor, :init, 1, [file: ~c"lib/next_ls/runtime/supervisor.ex", line: 18]}, {:supervisor, :init, 1, [file: ~c"supervisor.erl", line: 330]}, {:gen_server, :init_it, 2, [file: ~c"gen_server.erl", line: 980]}, {:gen_server, :init_it, 6, [file: ~c"gen_server.erl", line: 935]}, {:proc_lib, :init_p_do_apply, 3, [file: ~c"proc_lib.erl", line: 241]}]}}
    (next_ls 0.20.2) lib/next_ls.ex:825: anonymous fn/4 in NextLS.handle_notification/2
    (elixir 1.17.0-dev) lib/enum.ex:2527: Enum."-reduce/3-lists^foldl/2-0-"/3
    (next_ls 0.20.2) lib/next_ls.ex:820: NextLS.handle_notification/2
    (gen_lsp 0.8.1) lib/gen_lsp.ex:341: anonymous fn/2 in GenLSP.loop/3
    (telemetry 1.2.1) /Users/runner/work/next-ls/next-l (truncated)

08:29:56.557 [debug] sent notification server -> client window/showMessage

08:29:56.566 [debug] sent notification server -> client window/logMessage

08:29:56.566 [info] Downloaded 0.22.7 of Next LS

08:30:07.111 [error] GenServer NextLS.Buffer terminating
** (Jason.DecodeError) unexpected end of input at position 62
    (jason 1.4.1) lib/jason.ex:92: Jason.decode!/2
    (gen_lsp 0.8.1) lib/gen_lsp/buffer.ex:87: anonymous fn/3 in GenLSP.Buffer.handle_cast/2
    (telemetry 1.2.1) /Users/runner/work/next-ls/next-ls/deps/telemetry/src/telemetry.erl:321: :telemetry.span/3
    (gen_lsp 0.8.1) lib/gen_lsp/buffer.ex:85: GenLSP.Buffer.handle_cast/2
    (stdlib 5.2) gen_server.erl:1121: :gen_server.try_handle_cast/3
    (stdlib 5.2) gen_server.erl:1183: :gen_server.handle_msg/6
    (stdlib 5.2) proc_lib.erl:241: :proc_lib.init_p_do_apply/3
Last message: {:"$gen_cast", {:incoming, "{\"jsonrpc\":\"2.0\",\"id\":8,\"method\":\"textDocument/codeAction\",\"pa"}}
State: %{lsp: #PID<0.266.0>, awaiting_response: %{130 => {#PID<0.262.0>, #Reference<0.90814571.3274178566.181061>}}, comm_data: nil, comm: GenLSP.Communication.Stdio}

08:30:07.119 [error] Task #PID<0.262.0> started from #PID<0.255.0> terminating
** (stop) exited in: GenServer.call(NextLS.Buffer, {:outgoing_sync, %{"id" => 130, "jsonrpc" => "2.0", "method" => "window/workDoneProgress/create", "params" => %{"token" => "hVFOm1e-"}}}, :infinity)
    ** (EXIT) an exception was raised:
        ** (Jason.DecodeError) unexpected end of input at position 62
            (jason 1.4.1) lib/jason.ex:92: Jason.decode!/2
            (gen_lsp 0.8.1) lib/gen_lsp/buffer.ex:87: anonymous fn/3 in GenLSP.Buffer.handle_cast/2
            (telemetry 1.2.1) /Users/runner/work/next-ls/next-ls/deps/telemetry/src/telemetry.erl:321: :telemetry.span/3
            (gen_lsp 0.8.1) lib/gen_lsp/buffer.ex:85: GenLSP.Buffer.handle_cast/2
            (stdlib 5.2) gen_server.erl:1121: :gen_server.try_handle_cast/3
            (stdlib 5.2) gen_server.erl:1183: :gen_server.handle_msg/6
            (stdlib 5.2) proc_lib.erl:241: :proc_lib.init_p_do_apply/3
    (elixir 1.17.0-dev) lib/gen_server.ex:1110: GenServer.call/3
    (gen_lsp 0.8.1) lib/gen_lsp.ex:241: anonymous fn/3 in GenLSP.request/3
    (telemetry 1.2.1) /Users/runner/work/next-ls/next-ls/deps/telemetry/src/telemetry.erl:321: :telemetry.span/3
    (next_ls 0.20.2) lib/next_ls/progress.ex:9: anonymous fn/3 in NextLS.Progress.start/3
    (elixir 1.17.0-dev) lib/task/supervised.ex:101: Task.Supervised.invoke_mfa/2
Function: #Function<0.9739460/0 in NextLS.Progress.start/3>
    Args: []

15:10:53.172 [info] Loading 75 CA(s) from :otp store

15:10:53.585 id=0 [debug] handled request client -> server initialize in 279ms

15:10:53.598 [debug] sent notification server -> client window/logMessage

15:10:53.612 [debug] sent notification server -> client window/logMessage

15:10:53.612 id=131 [debug] sent request server -> client client/registerCapability

15:10:53.612 [info] [extension] Credo initializing with options %NextLS.InitOpts.Extensions.Credo{enable: true, cli_options: []}

15:10:53.661 [debug] sent notification server -> client window/logMessage

15:10:53.671 id=16 [debug] sent request server -> client window/workDoneProgress/create

15:10:53.692 [debug] sent notification server -> client $/progress

15:10:53.711 [debug] sent notification server -> client window/logMessage

15:10:53.711 [error] LSP Exited.

Last message received: handle_notification %{"jsonrpc" => "2.0", "method" => "initialized", "params" => %{}}

** (MatchError) no match of right hand side value: {:error, {%File.Error{reason: :enoent, path: "/Ubuntu/home/tiago/dev/rinha-de-backend-2024/rinha_2024/.elixir-tools", action: "make directory (with -p)"}, [{File, :mkdir_p!, 1, [file: ~c"lib/file.ex", line: 345]}, {NextLS.Runtime.Supervisor, :init, 1, [file: ~c"lib/next_ls/runtime/supervisor.ex", line: 18]}, {:supervisor, :init, 1, [file: ~c"supervisor.erl", line: 330]}, {:gen_server, :init_it, 2, [file: ~c"gen_server.erl", line: 980]}, {:gen_server, :init_it, 6, [file: ~c"gen_server.erl", line: 935]}, {:proc_lib, :init_p_do_apply, 3, [file: ~c"proc_lib.erl", line: 241]}]}}
    (next_ls 0.20.2) lib/next_ls.ex:825: anonymous fn/4 in NextLS.handle_notification/2
    (elixir 1.17.0-dev) lib/enum.ex:2527: Enum."-reduce/3-lists^foldl/2-0-"/3
    (next_ls 0.20.2) lib/next_ls.ex:820: NextLS.handle_notification/2
    (gen_lsp 0.8.1) lib/gen_lsp.ex:341: anonymous fn/2 in GenLSP.loop/3
    (telemetry 1.2.1) /Users/runner/work/next-ls/next-ls/deps/telemetry/src/telemetry.erl:321: :telemetry.span/3
    (gen_lsp 0.8.1) lib/gen_lsp.ex:340: anonymous fn/5 in GenLSP.loop/3
    (gen_lsp 0.8.1) lib/gen_lsp.ex:397: GenLSP.attempt/4
    (stdlib 5.2) proc_lib.erl:241: :proc_lib.init_p_do_apply/3




15:10:53.712 [debug] sent notification server -> client window/logMessage

15:10:53.712 [error] LSP Exited.

Last message received: handle_request %{"id" => 0, "jsonrpc" => "2.0", "method" => "initialize", "params" => %{"capabilities" => %{"general" => %{"markdown" => %{"parser" => "marked", "version" => "1.1.0"}, "positionEncodings" => ["utf-16"], "regularExpressions" => %{"engine" => "ECMAScript", "version" => "ES2020"}, "staleRequestSupport" => %{"cancel" => true, "retryOnContentModified" => ["textDocument/semanticTokens/full", "textDocument/semanticTokens/range", "textDocument/semanticTokens/full/delta"]}}, "notebookDocument" => %{"synchronization" => %{"dynamicRegistration" => true, "executionSummarySupport" => true}}, "textDocument" => %{"callHierarchy" => %{"dynamicRegistration" => true}, "codeAction" => %{"codeActionLiteralSupport" => %{"codeActionKind" => %{"valueSet" => ["", "quickfix", "refactor", "refactor.extract", "refactor.inline", "refactor.rewrite", "source", "source.organizeImports"]}}, "dataSupport" => true, "disabledSupport" => true, "dynamicRegistration" => true, "honorsChangeAnnotations" => true, "isPreferredSupport" => true, "resolveSupport" => %{"properties" => ["edit"]}}, "codeLens" => %{"dynamicRegistration" => true}, "colorProvider" => %{"dynamicRegistration" => true}, "completion" => %{"completionItem" => %{"commitCharactersSupport" => true, "deprecatedSupport" => true, "documentationFormat" => ["markdown", "plaintext"], "insertReplaceSupport" => true, "insertTextModeSupport" => %{"valueSet" => [1, 2]}, "labelDetailsSupport" => true, "preselectSupport" => true, "resolveSupport" => %{"properties" => ["documentation", "detail", "additionalTextEdits"]}, "snippetSupport" => true, "tagSupport" => %{"valueSet" => [1]}}, "completionItemKind" => %{"valueSet" => [1, 2, 3, 4, 5, 6, 7, 8, 9, 10, 11, 12, 13, 14, 15, 16, 17, 18, 19, 20, 21, 22, 23, 24, 25]}, "completionList" => %{"itemDefaults" => ["commitCharacters", "editRange", "insertTextFormat", "insertTextMode", "data"]}, "contextSupport" => true, "dynamicRegistration" => true, "insertTextMode" => 2}, "declaration" => %{"dynamicRegistration" => true, "linkSupport" => true}, "definition" => %{"dynamicRegistration" => true, "linkSupport" => true}, "diagnostic" => %{"dynamicRegistration" => true, "relatedDocumentSupport" => false}, "documentHighlight" => %{"dynamicRegistration" => true}, "documentLink" => %{"dynamicRegistration" => true, "tooltipSupport" => true}, "documentSymbol" => %{"dynamicRegistration" => true, "hierarchicalDocumentSymbolSupport" => true, "labelSupport" => true, "symbolKind" => %{"valueSet" => [1, 2, 3, 4, 5, 6, 7, 8, 9, 10, 11, 12, 13, 14, 15, 16, 17, 18, 19, 20, 21, 22, 23, 24, 25, 26]}, "tagSupport" => %{"valueSet" => [1]}}, "foldingRange" => %{"dynamicRegistration" => true, "foldingRange" => %{"collapsedText" => false}, "foldingRangeKind" => %{"valueSet" => ["comment", "imports", "region"]}, "lineFoldingOnly" => true, "rangeLimit" => 5000}, "formatting" => %{"dynamicRegistration" => true}, "hover" => %{"contentFormat" => ["markdown", "plaintext"], "dynamicRegistration" => true}, "implementation" => %{"dynamicRegistration" => true, "linkSupport" => true}, "inlayHint" => %{"dynamicRegistration" => true, "resolveSupport" => %{"properties" => ["tooltip", "textEdits", "label.tooltip", "label.location", "label.command"]}}, "inlineValue" => %{"dynamicRegistration" => true}, "linkedEditingRange" => %{"dynamicRegistration" => true}, "onTypeFormatting" => %{"dynamicRegistration" => true}, "publishDiagnostics" => %{"codeDescriptionSupport" => true, "dataSupport" => true, "relatedInformation" => true, "tagSupport" => %{"valueSet" => [1, 2]}, "versionSupport" => false}, "rangeFormatting" => %{"dynamicRegistration" => true, "rangesSupport" => true}, "references" => %{"dynamicRegistration" => true}, "rename" => %{"dynamicRegistration" => true, "honorsChangeAnnotations" => true, "prepareSupport" => true, "prepareSupportDefaultBehavior" => 1}, "selectionRange" => %{"dynamicRegistration" => true}, "semanticTokens" => %{"augmentsSyntaxTokens" => true, "dynamicRegistration" => true, "formats" => ["relative"], "multilineTokenSupport" => false, "overlappingTokenSupport" => false, "requests" => %{"full" => %{"delta" => true}, "range" => true}, "serverCancelSupport" => true, "tokenModifiers" => ["declaration", "definition", "readonly", "static", "deprecated", "abstract", "async", "modification", "documentation", ...], "tokenTypes" => ["namespace", "type", "class", "enum", "interface", "struct", "typeParameter", "parameter", ...]}, "signatureHelp" => %{"contextSupport" => true, "dynamicRegistration" => true, "signatureInformation" => %{"activeParameterSupport" => true, "documentationFormat" => ["markdown", "plaintext"], "parameterInformation" => %{"labelOffsetSupport" => true}}}, "synchronization" => %{"didSave" => true, "dynamicRegistration" => true, "willSave" => true, "willSaveWaitUntil" => true}, "typeDefinition" => %{"dynamicRegistration" => true, "linkSupport" => true}, "typeHierarchy" => %{"dynamicRegistration" => true}}, "window" => %{"showDocument" => %{"support" => true}, "showMessage" => %{"messageActionItem" => %{"additionalPropertiesSupport" => true}}, "workDoneProgress" => true}, "workspace" => %{"applyEdit" => true, "codeLens" => %{"refreshSupport" => true}, "configuration" => true, "diagnostics" => %{"refreshSupport" => true}, "didChangeConfiguration" => %{"dynamicRegistration" => true}, "didChangeWatchedFiles" => %{"dynamicRegistration" => true, "relativePatternSupport" => true}, "executeCommand" => %{"dynamicRegistration" => true}, "fileOperations" => %{"didCreate" => true, "didDelete" => true, "didRename" => true, "dynamicRegistration" => true, "willCreate" => true, "willDelete" => true, "willRename" => true}, "foldingRange" => %{"refreshSupport" => true}, "inlayHint" => %{"refreshSupport" => true}, "inlineValue" => %{"refreshSupport" => true}, "semanticTokens" => %{"refreshSupport" => true}, "symbol" => %{"dynamicRegistration" => true, "resolveSupport" => %{"properties" => ["location.range"]}, "symbolKind" => %{"valueSet" => [1, 2, 3, 4, 5, 6, 7, 8, 9, 10, 11, 12, 13, 14, 15, 16, 17, 18, 19, 20, 21, 22, 23, ...]}, "tagSupport" => %{"valueSet" => [1]}}, "workspaceEdit" => %{"changeAnnotationSupport" => %{"groupsOnLabel" => true}, "documentChanges" => true, "failureHandling" => "textOnlyTransactional", "normalizesLineEndings" => true, "resourceOperations" => ["create", "rename", "delete"]}, "workspaceFolders" => true}}, "clientInfo" => %{"name" => "Visual Studio Code", "version" => "1.89.1"}, "initializationOptions" => %{"experimental" => %{"completions" => %{"enable" => false}}, "extensions" => %{"credo" => %{"cli_options" => [], "enable" => true}}, "mix_env" => "dev", "mix_target" => "host"}, "locale" => "en", "processId" => 23828, "rootPath" => "\\\\wsl.localhost\\Ubuntu\\home\\tiago\\dev\\rinha-de-backend-2024\\rinha_2024", "rootUri" => "file://wsl.localhost/Ubuntu/home/tiago/dev/rinha-de-backend-2024/rinha_2024", "trace" => "off", "workspaceFolders" => [%{"name" => "rinha_2024", "uri" => "file://wsl.localhost/Ubuntu/home/tiago/dev/rinha-de-backend-2024/rinha_2024"}]}}

** (MatchError) no match of right hand side value: {:error, {%File.Error{reason: :enoent, path: "/Ubuntu/home/tiago/dev/rinha-de-backend-2024/rinha_2024/.elixir-tools", action: "make directory (with -p)"}, [{File, :mkdir_p!, 1, [file: ~c"lib/file.ex", line: 345]}, {NextLS.Runtime.Supervisor, :init, 1, [file: ~c"lib/next_ls/runtime/supervisor.ex", line: 18]}, {:supervisor, :init, 1, [file: ~c"supervisor.erl", line: 330]}, {:gen_server, :init_it, 2, [file: ~c"gen_server.erl", line: 980]}, {:gen_server, :init_it, 6, [file: ~c"gen_server.erl", line: 935]}, {:proc_lib, :init_p_do_apply, 3, [file: ~c"proc_lib.erl", line: 241]}]}}
    (next_ls 0.20.2) lib/next_ls.ex:825: anonymous fn/4 in NextLS.handle_notification/2
    (elixir 1.17.0-dev) lib/enum.ex:2527: Enum."-reduce/3-lists^foldl/2-0-"/3
    (next_ls 0.20.2) lib/next_ls.ex:820: NextLS.handle_notification/2
    (gen_lsp 0.8.1) lib/gen_lsp.ex:341: anonymous fn/2 in GenLSP.loop/3
    (telemetry 1.2.1) /Users/runner/work/next-ls/next-l (truncated)

15:10:55.212 [debug] sent notification server -> client window/showMessage

15:10:55.216 [debug] sent notification server -> client window/logMessage

15:10:55.216 [info] Downloaded 0.22.8 of Next LS

16:08:09.889 [error] GenServer NextLS.Buffer terminating
** (Jason.DecodeError) unexpected byte at position 0: 0x43 ("C")
    (jason 1.4.1) lib/jason.ex:92: Jason.decode!/2
    (gen_lsp 0.8.1) lib/gen_lsp/buffer.ex:87: anonymous fn/3 in GenLSP.Buffer.handle_cast/2
    (telemetry 1.2.1) /Users/runner/work/next-ls/next-ls/deps/telemetry/src/telemetry.erl:321: :telemetry.span/3
    (gen_lsp 0.8.1) lib/gen_lsp/buffer.ex:85: GenLSP.Buffer.handle_cast/2
    (stdlib 5.2) gen_server.erl:1121: :gen_server.try_handle_cast/3
    (stdlib 5.2) gen_server.erl:1183: :gen_server.handle_msg/6
    (stdlib 5.2) proc_lib.erl:241: :proc_lib.init_p_do_apply/3
Last message: {:"$gen_cast", {:incoming, "Content-Length: 63\r\n\r\n{\"jsonrpc\":\"2.0\",\"method\":\"$/cancelReques"}}
State: %{lsp: #PID<0.264.0>, awaiting_response: %{}, comm_data: nil, comm: GenLSP.Communication.Stdio}

14:50:04.824 [info] Loading 75 CA(s) from :otp store

16:48:34.247 [info] Loading 75 CA(s) from :otp store

16:48:34.668 id=0 [debug] handled request client -> server initialize in 245ms

16:48:34.685 [debug] sent notification server -> client window/logMessage

16:48:34.706 id=135 [debug] sent request server -> client client/registerCapability

16:48:34.706 [debug] sent notification server -> client window/logMessage

16:48:34.707 [info] [extension] Credo initializing with options %NextLS.InitOpts.Extensions.Credo{enable: true, cli_options: []}

16:48:34.762 [debug] sent notification server -> client window/logMessage

16:48:34.773 id=77 [debug] sent request server -> client window/workDoneProgress/create

16:48:34.790 [debug] sent notification server -> client $/progress

16:48:34.810 [debug] sent notification server -> client window/logMessage

16:48:34.810 [error] LSP Exited.

Last message received: handle_notification %{"jsonrpc" => "2.0", "method" => "initialized", "params" => %{}}

** (MatchError) no match of right hand side value: {:error, {%File.Error{reason: :enoent, path: "/Ubuntu/home/tiago/dev/rinha-de-backend-2024/rinha_2024/.elixir-tools", action: "make directory (with -p)"}, [{File, :mkdir_p!, 1, [file: ~c"lib/file.ex", line: 345]}, {NextLS.Runtime.Supervisor, :init, 1, [file: ~c"lib/next_ls/runtime/supervisor.ex", line: 18]}, {:supervisor, :init, 1, [file: ~c"supervisor.erl", line: 330]}, {:gen_server, :init_it, 2, [file: ~c"gen_server.erl", line: 980]}, {:gen_server, :init_it, 6, [file: ~c"gen_server.erl", line: 935]}, {:proc_lib, :init_p_do_apply, 3, [file: ~c"proc_lib.erl", line: 241]}]}}
    (next_ls 0.20.2) lib/next_ls.ex:825: anonymous fn/4 in NextLS.handle_notification/2
    (elixir 1.17.0-dev) lib/enum.ex:2527: Enum."-reduce/3-lists^foldl/2-0-"/3
    (next_ls 0.20.2) lib/next_ls.ex:820: NextLS.handle_notification/2
    (gen_lsp 0.8.1) lib/gen_lsp.ex:341: anonymous fn/2 in GenLSP.loop/3
    (telemetry 1.2.1) /Users/runner/work/next-ls/next-ls/deps/telemetry/src/telemetry.erl:321: :telemetry.span/3
    (gen_lsp 0.8.1) lib/gen_lsp.ex:340: anonymous fn/5 in GenLSP.loop/3
    (gen_lsp 0.8.1) lib/gen_lsp.ex:397: GenLSP.attempt/4
    (stdlib 5.2) proc_lib.erl:241: :proc_lib.init_p_do_apply/3




16:48:34.810 [debug] sent notification server -> client window/logMessage

16:48:34.810 [error] LSP Exited.

Last message received: handle_request %{"id" => 0, "jsonrpc" => "2.0", "method" => "initialize", "params" => %{"capabilities" => %{"general" => %{"markdown" => %{"parser" => "marked", "version" => "1.1.0"}, "positionEncodings" => ["utf-16"], "regularExpressions" => %{"engine" => "ECMAScript", "version" => "ES2020"}, "staleRequestSupport" => %{"cancel" => true, "retryOnContentModified" => ["textDocument/semanticTokens/full", "textDocument/semanticTokens/range", "textDocument/semanticTokens/full/delta"]}}, "notebookDocument" => %{"synchronization" => %{"dynamicRegistration" => true, "executionSummarySupport" => true}}, "textDocument" => %{"callHierarchy" => %{"dynamicRegistration" => true}, "codeAction" => %{"codeActionLiteralSupport" => %{"codeActionKind" => %{"valueSet" => ["", "quickfix", "refactor", "refactor.extract", "refactor.inline", "refactor.rewrite", "source", "source.organizeImports"]}}, "dataSupport" => true, "disabledSupport" => true, "dynamicRegistration" => true, "honorsChangeAnnotations" => true, "isPreferredSupport" => true, "resolveSupport" => %{"properties" => ["edit"]}}, "codeLens" => %{"dynamicRegistration" => true}, "colorProvider" => %{"dynamicRegistration" => true}, "completion" => %{"completionItem" => %{"commitCharactersSupport" => true, "deprecatedSupport" => true, "documentationFormat" => ["markdown", "plaintext"], "insertReplaceSupport" => true, "insertTextModeSupport" => %{"valueSet" => [1, 2]}, "labelDetailsSupport" => true, "preselectSupport" => true, "resolveSupport" => %{"properties" => ["documentation", "detail", "additionalTextEdits"]}, "snippetSupport" => true, "tagSupport" => %{"valueSet" => [1]}}, "completionItemKind" => %{"valueSet" => [1, 2, 3, 4, 5, 6, 7, 8, 9, 10, 11, 12, 13, 14, 15, 16, 17, 18, 19, 20, 21, 22, 23, 24, 25]}, "completionList" => %{"itemDefaults" => ["commitCharacters", "editRange", "insertTextFormat", "insertTextMode", "data"]}, "contextSupport" => true, "dynamicRegistration" => true, "insertTextMode" => 2}, "declaration" => %{"dynamicRegistration" => true, "linkSupport" => true}, "definition" => %{"dynamicRegistration" => true, "linkSupport" => true}, "diagnostic" => %{"dynamicRegistration" => true, "relatedDocumentSupport" => false}, "documentHighlight" => %{"dynamicRegistration" => true}, "documentLink" => %{"dynamicRegistration" => true, "tooltipSupport" => true}, "documentSymbol" => %{"dynamicRegistration" => true, "hierarchicalDocumentSymbolSupport" => true, "labelSupport" => true, "symbolKind" => %{"valueSet" => [1, 2, 3, 4, 5, 6, 7, 8, 9, 10, 11, 12, 13, 14, 15, 16, 17, 18, 19, 20, 21, 22, 23, 24, 25, 26]}, "tagSupport" => %{"valueSet" => [1]}}, "foldingRange" => %{"dynamicRegistration" => true, "foldingRange" => %{"collapsedText" => false}, "foldingRangeKind" => %{"valueSet" => ["comment", "imports", "region"]}, "lineFoldingOnly" => true, "rangeLimit" => 5000}, "formatting" => %{"dynamicRegistration" => true}, "hover" => %{"contentFormat" => ["markdown", "plaintext"], "dynamicRegistration" => true}, "implementation" => %{"dynamicRegistration" => true, "linkSupport" => true}, "inlayHint" => %{"dynamicRegistration" => true, "resolveSupport" => %{"properties" => ["tooltip", "textEdits", "label.tooltip", "label.location", "label.command"]}}, "inlineValue" => %{"dynamicRegistration" => true}, "linkedEditingRange" => %{"dynamicRegistration" => true}, "onTypeFormatting" => %{"dynamicRegistration" => true}, "publishDiagnostics" => %{"codeDescriptionSupport" => true, "dataSupport" => true, "relatedInformation" => true, "tagSupport" => %{"valueSet" => [1, 2]}, "versionSupport" => false}, "rangeFormatting" => %{"dynamicRegistration" => true, "rangesSupport" => true}, "references" => %{"dynamicRegistration" => true}, "rename" => %{"dynamicRegistration" => true, "honorsChangeAnnotations" => true, "prepareSupport" => true, "prepareSupportDefaultBehavior" => 1}, "selectionRange" => %{"dynamicRegistration" => true}, "semanticTokens" => %{"augmentsSyntaxTokens" => true, "dynamicRegistration" => true, "formats" => ["relative"], "multilineTokenSupport" => false, "overlappingTokenSupport" => false, "requests" => %{"full" => %{"delta" => true}, "range" => true}, "serverCancelSupport" => true, "tokenModifiers" => ["declaration", "definition", "readonly", "static", "deprecated", "abstract", "async", "modification", "documentation", ...], "tokenTypes" => ["namespace", "type", "class", "enum", "interface", "struct", "typeParameter", "parameter", ...]}, "signatureHelp" => %{"contextSupport" => true, "dynamicRegistration" => true, "signatureInformation" => %{"activeParameterSupport" => true, "documentationFormat" => ["markdown", "plaintext"], "parameterInformation" => %{"labelOffsetSupport" => true}}}, "synchronization" => %{"didSave" => true, "dynamicRegistration" => true, "willSave" => true, "willSaveWaitUntil" => true}, "typeDefinition" => %{"dynamicRegistration" => true, "linkSupport" => true}, "typeHierarchy" => %{"dynamicRegistration" => true}}, "window" => %{"showDocument" => %{"support" => true}, "showMessage" => %{"messageActionItem" => %{"additionalPropertiesSupport" => true}}, "workDoneProgress" => true}, "workspace" => %{"applyEdit" => true, "codeLens" => %{"refreshSupport" => true}, "configuration" => true, "diagnostics" => %{"refreshSupport" => true}, "didChangeConfiguration" => %{"dynamicRegistration" => true}, "didChangeWatchedFiles" => %{"dynamicRegistration" => true, "relativePatternSupport" => true}, "executeCommand" => %{"dynamicRegistration" => true}, "fileOperations" => %{"didCreate" => true, "didDelete" => true, "didRename" => true, "dynamicRegistration" => true, "willCreate" => true, "willDelete" => true, "willRename" => true}, "foldingRange" => %{"refreshSupport" => true}, "inlayHint" => %{"refreshSupport" => true}, "inlineValue" => %{"refreshSupport" => true}, "semanticTokens" => %{"refreshSupport" => true}, "symbol" => %{"dynamicRegistration" => true, "resolveSupport" => %{"properties" => ["location.range"]}, "symbolKind" => %{"valueSet" => [1, 2, 3, 4, 5, 6, 7, 8, 9, 10, 11, 12, 13, 14, 15, 16, 17, 18, 19, 20, 21, 22, 23, ...]}, "tagSupport" => %{"valueSet" => [1]}}, "workspaceEdit" => %{"changeAnnotationSupport" => %{"groupsOnLabel" => true}, "documentChanges" => true, "failureHandling" => "textOnlyTransactional", "normalizesLineEndings" => true, "resourceOperations" => ["create", "rename", "delete"]}, "workspaceFolders" => true}}, "clientInfo" => %{"name" => "Visual Studio Code", "version" => "1.89.1"}, "initializationOptions" => %{"experimental" => %{"completions" => %{"enable" => false}}, "extensions" => %{"credo" => %{"cli_options" => [], "enable" => true}}, "mix_env" => "dev", "mix_target" => "host"}, "locale" => "en", "processId" => 39752, "rootPath" => "\\\\wsl.localhost\\Ubuntu\\home\\tiago\\dev\\rinha-de-backend-2024\\rinha_2024", "rootUri" => "file://wsl.localhost/Ubuntu/home/tiago/dev/rinha-de-backend-2024/rinha_2024", "trace" => "off", "workspaceFolders" => [%{"name" => "rinha_2024", "uri" => "file://wsl.localhost/Ubuntu/home/tiago/dev/rinha-de-backend-2024/rinha_2024"}]}}

** (MatchError) no match of right hand side value: {:error, {%File.Error{reason: :enoent, path: "/Ubuntu/home/tiago/dev/rinha-de-backend-2024/rinha_2024/.elixir-tools", action: "make directory (with -p)"}, [{File, :mkdir_p!, 1, [file: ~c"lib/file.ex", line: 345]}, {NextLS.Runtime.Supervisor, :init, 1, [file: ~c"lib/next_ls/runtime/supervisor.ex", line: 18]}, {:supervisor, :init, 1, [file: ~c"supervisor.erl", line: 330]}, {:gen_server, :init_it, 2, [file: ~c"gen_server.erl", line: 980]}, {:gen_server, :init_it, 6, [file: ~c"gen_server.erl", line: 935]}, {:proc_lib, :init_p_do_apply, 3, [file: ~c"proc_lib.erl", line: 241]}]}}
    (next_ls 0.20.2) lib/next_ls.ex:825: anonymous fn/4 in NextLS.handle_notification/2
    (elixir 1.17.0-dev) lib/enum.ex:2527: Enum."-reduce/3-lists^foldl/2-0-"/3
    (next_ls 0.20.2) lib/next_ls.ex:820: NextLS.handle_notification/2
    (gen_lsp 0.8.1) lib/gen_lsp.ex:341: anonymous fn/2 in GenLSP.loop/3
    (telemetry 1.2.1) /Users/runner/work/next-ls/next-l (truncated)

16:48:36.204 [debug] sent notification server -> client window/showMessage

16:48:36.207 [debug] sent notification server -> client window/logMessage

16:48:36.207 [info] Downloaded 0.22.8 of Next LS

16:48:48.791 [debug] handled notification client -> server $/cancelRequest in 6ms

16:59:20.208 [info] Loading 75 CA(s) from :otp store

16:59:20.548 id=0 [debug] handled request client -> server initialize in 174ms

16:59:20.833 [debug] sent notification server -> client window/logMessage

16:59:20.852 id=69 [debug] sent request server -> client client/registerCapability

16:59:20.852 [debug] sent notification server -> client window/logMessage

16:59:20.853 [info] [extension] Credo initializing with options %NextLS.InitOpts.Extensions.Credo{enable: true, cli_options: []}

16:59:21.023 [debug] sent notification server -> client window/logMessage

16:59:21.059 id=4 [debug] sent request server -> client window/workDoneProgress/create

16:59:21.080 [debug] sent notification server -> client window/logMessage

16:59:21.080 [error] LSP Exited.

Last message received: handle_notification %{"jsonrpc" => "2.0", "method" => "initialized", "params" => %{}}

** (MatchError) no match of right hand side value: {:error, {%File.Error{reason: :enoent, path: "/Ubuntu/home/tiago/dev/rinha-de-backend-2024/rinha_2024/.elixir-tools", action: "make directory (with -p)"}, [{File, :mkdir_p!, 1, [file: ~c"lib/file.ex", line: 345]}, {NextLS.Runtime.Supervisor, :init, 1, [file: ~c"lib/next_ls/runtime/supervisor.ex", line: 18]}, {:supervisor, :init, 1, [file: ~c"supervisor.erl", line: 330]}, {:gen_server, :init_it, 2, [file: ~c"gen_server.erl", line: 980]}, {:gen_server, :init_it, 6, [file: ~c"gen_server.erl", line: 935]}, {:proc_lib, :init_p_do_apply, 3, [file: ~c"proc_lib.erl", line: 241]}]}}
    (next_ls 0.20.2) lib/next_ls.ex:825: anonymous fn/4 in NextLS.handle_notification/2
    (elixir 1.17.0-dev) lib/enum.ex:2527: Enum."-reduce/3-lists^foldl/2-0-"/3
    (next_ls 0.20.2) lib/next_ls.ex:820: NextLS.handle_notification/2
    (gen_lsp 0.8.1) lib/gen_lsp.ex:341: anonymous fn/2 in GenLSP.loop/3
    (telemetry 1.2.1) /Users/runner/work/next-ls/next-ls/deps/telemetry/src/telemetry.erl:321: :telemetry.span/3
    (gen_lsp 0.8.1) lib/gen_lsp.ex:340: anonymous fn/5 in GenLSP.loop/3
    (gen_lsp 0.8.1) lib/gen_lsp.ex:397: GenLSP.attempt/4
    (stdlib 5.2) proc_lib.erl:241: :proc_lib.init_p_do_apply/3




16:59:21.081 [debug] sent notification server -> client window/logMessage

16:59:21.081 [error] LSP Exited.

Last message received: handle_request %{"id" => 0, "jsonrpc" => "2.0", "method" => "initialize", "params" => %{"capabilities" => %{"general" => %{"markdown" => %{"parser" => "marked", "version" => "1.1.0"}, "positionEncodings" => ["utf-16"], "regularExpressions" => %{"engine" => "ECMAScript", "version" => "ES2020"}, "staleRequestSupport" => %{"cancel" => true, "retryOnContentModified" => ["textDocument/semanticTokens/full", "textDocument/semanticTokens/range", "textDocument/semanticTokens/full/delta"]}}, "notebookDocument" => %{"synchronization" => %{"dynamicRegistration" => true, "executionSummarySupport" => true}}, "textDocument" => %{"callHierarchy" => %{"dynamicRegistration" => true}, "codeAction" => %{"codeActionLiteralSupport" => %{"codeActionKind" => %{"valueSet" => ["", "quickfix", "refactor", "refactor.extract", "refactor.inline", "refactor.rewrite", "source", "source.organizeImports"]}}, "dataSupport" => true, "disabledSupport" => true, "dynamicRegistration" => true, "honorsChangeAnnotations" => true, "isPreferredSupport" => true, "resolveSupport" => %{"properties" => ["edit"]}}, "codeLens" => %{"dynamicRegistration" => true}, "colorProvider" => %{"dynamicRegistration" => true}, "completion" => %{"completionItem" => %{"commitCharactersSupport" => true, "deprecatedSupport" => true, "documentationFormat" => ["markdown", "plaintext"], "insertReplaceSupport" => true, "insertTextModeSupport" => %{"valueSet" => [1, 2]}, "labelDetailsSupport" => true, "preselectSupport" => true, "resolveSupport" => %{"properties" => ["documentation", "detail", "additionalTextEdits"]}, "snippetSupport" => true, "tagSupport" => %{"valueSet" => [1]}}, "completionItemKind" => %{"valueSet" => [1, 2, 3, 4, 5, 6, 7, 8, 9, 10, 11, 12, 13, 14, 15, 16, 17, 18, 19, 20, 21, 22, 23, 24, 25]}, "completionList" => %{"itemDefaults" => ["commitCharacters", "editRange", "insertTextFormat", "insertTextMode", "data"]}, "contextSupport" => true, "dynamicRegistration" => true, "insertTextMode" => 2}, "declaration" => %{"dynamicRegistration" => true, "linkSupport" => true}, "definition" => %{"dynamicRegistration" => true, "linkSupport" => true}, "diagnostic" => %{"dynamicRegistration" => true, "relatedDocumentSupport" => false}, "documentHighlight" => %{"dynamicRegistration" => true}, "documentLink" => %{"dynamicRegistration" => true, "tooltipSupport" => true}, "documentSymbol" => %{"dynamicRegistration" => true, "hierarchicalDocumentSymbolSupport" => true, "labelSupport" => true, "symbolKind" => %{"valueSet" => [1, 2, 3, 4, 5, 6, 7, 8, 9, 10, 11, 12, 13, 14, 15, 16, 17, 18, 19, 20, 21, 22, 23, 24, 25, 26]}, "tagSupport" => %{"valueSet" => [1]}}, "foldingRange" => %{"dynamicRegistration" => true, "foldingRange" => %{"collapsedText" => false}, "foldingRangeKind" => %{"valueSet" => ["comment", "imports", "region"]}, "lineFoldingOnly" => true, "rangeLimit" => 5000}, "formatting" => %{"dynamicRegistration" => true}, "hover" => %{"contentFormat" => ["markdown", "plaintext"], "dynamicRegistration" => true}, "implementation" => %{"dynamicRegistration" => true, "linkSupport" => true}, "inlayHint" => %{"dynamicRegistration" => true, "resolveSupport" => %{"properties" => ["tooltip", "textEdits", "label.tooltip", "label.location", "label.command"]}}, "inlineValue" => %{"dynamicRegistration" => true}, "linkedEditingRange" => %{"dynamicRegistration" => true}, "onTypeFormatting" => %{"dynamicRegistration" => true}, "publishDiagnostics" => %{"codeDescriptionSupport" => true, "dataSupport" => true, "relatedInformation" => true, "tagSupport" => %{"valueSet" => [1, 2]}, "versionSupport" => false}, "rangeFormatting" => %{"dynamicRegistration" => true, "rangesSupport" => true}, "references" => %{"dynamicRegistration" => true}, "rename" => %{"dynamicRegistration" => true, "honorsChangeAnnotations" => true, "prepareSupport" => true, "prepareSupportDefaultBehavior" => 1}, "selectionRange" => %{"dynamicRegistration" => true}, "semanticTokens" => %{"augmentsSyntaxTokens" => true, "dynamicRegistration" => true, "formats" => ["relative"], "multilineTokenSupport" => false, "overlappingTokenSupport" => false, "requests" => %{"full" => %{"delta" => true}, "range" => true}, "serverCancelSupport" => true, "tokenModifiers" => ["declaration", "definition", "readonly", "static", "deprecated", "abstract", "async", "modification", "documentation", ...], "tokenTypes" => ["namespace", "type", "class", "enum", "interface", "struct", "typeParameter", "parameter", ...]}, "signatureHelp" => %{"contextSupport" => true, "dynamicRegistration" => true, "signatureInformation" => %{"activeParameterSupport" => true, "documentationFormat" => ["markdown", "plaintext"], "parameterInformation" => %{"labelOffsetSupport" => true}}}, "synchronization" => %{"didSave" => true, "dynamicRegistration" => true, "willSave" => true, "willSaveWaitUntil" => true}, "typeDefinition" => %{"dynamicRegistration" => true, "linkSupport" => true}, "typeHierarchy" => %{"dynamicRegistration" => true}}, "window" => %{"showDocument" => %{"support" => true}, "showMessage" => %{"messageActionItem" => %{"additionalPropertiesSupport" => true}}, "workDoneProgress" => true}, "workspace" => %{"applyEdit" => true, "codeLens" => %{"refreshSupport" => true}, "configuration" => true, "diagnostics" => %{"refreshSupport" => true}, "didChangeConfiguration" => %{"dynamicRegistration" => true}, "didChangeWatchedFiles" => %{"dynamicRegistration" => true, "relativePatternSupport" => true}, "executeCommand" => %{"dynamicRegistration" => true}, "fileOperations" => %{"didCreate" => true, "didDelete" => true, "didRename" => true, "dynamicRegistration" => true, "willCreate" => true, "willDelete" => true, "willRename" => true}, "foldingRange" => %{"refreshSupport" => true}, "inlayHint" => %{"refreshSupport" => true}, "inlineValue" => %{"refreshSupport" => true}, "semanticTokens" => %{"refreshSupport" => true}, "symbol" => %{"dynamicRegistration" => true, "resolveSupport" => %{"properties" => ["location.range"]}, "symbolKind" => %{"valueSet" => [1, 2, 3, 4, 5, 6, 7, 8, 9, 10, 11, 12, 13, 14, 15, 16, 17, 18, 19, 20, 21, 22, 23, ...]}, "tagSupport" => %{"valueSet" => [1]}}, "workspaceEdit" => %{"changeAnnotationSupport" => %{"groupsOnLabel" => true}, "documentChanges" => true, "failureHandling" => "textOnlyTransactional", "normalizesLineEndings" => true, "resourceOperations" => ["create", "rename", "delete"]}, "workspaceFolders" => true}}, "clientInfo" => %{"name" => "Visual Studio Code", "version" => "1.89.1"}, "initializationOptions" => %{"experimental" => %{"completions" => %{"enable" => false}}, "extensions" => %{"credo" => %{"cli_options" => [], "enable" => true}}, "mix_env" => "dev", "mix_target" => "host"}, "locale" => "en", "processId" => 31304, "rootPath" => "\\\\wsl.localhost\\Ubuntu\\home\\tiago\\dev\\rinha-de-backend-2024\\rinha_2024", "rootUri" => "file://wsl.localhost/Ubuntu/home/tiago/dev/rinha-de-backend-2024/rinha_2024", "trace" => "off", "workspaceFolders" => [%{"name" => "rinha_2024", "uri" => "file://wsl.localhost/Ubuntu/home/tiago/dev/rinha-de-backend-2024/rinha_2024"}]}}

** (MatchError) no match of right hand side value: {:error, {%File.Error{reason: :enoent, path: "/Ubuntu/home/tiago/dev/rinha-de-backend-2024/rinha_2024/.elixir-tools", action: "make directory (with -p)"}, [{File, :mkdir_p!, 1, [file: ~c"lib/file.ex", line: 345]}, {NextLS.Runtime.Supervisor, :init, 1, [file: ~c"lib/next_ls/runtime/supervisor.ex", line: 18]}, {:supervisor, :init, 1, [file: ~c"supervisor.erl", line: 330]}, {:gen_server, :init_it, 2, [file: ~c"gen_server.erl", line: 980]}, {:gen_server, :init_it, 6, [file: ~c"gen_server.erl", line: 935]}, {:proc_lib, :init_p_do_apply, 3, [file: ~c"proc_lib.erl", line: 241]}]}}
    (next_ls 0.20.2) lib/next_ls.ex:825: anonymous fn/4 in NextLS.handle_notification/2
    (elixir 1.17.0-dev) lib/enum.ex:2527: Enum."-reduce/3-lists^foldl/2-0-"/3
    (next_ls 0.20.2) lib/next_ls.ex:820: NextLS.handle_notification/2
    (gen_lsp 0.8.1) lib/gen_lsp.ex:341: anonymous fn/2 in GenLSP.loop/3
    (telemetry 1.2.1) /Users/runner/work/next-ls/next-l (truncated)

16:59:22.314 [debug] sent notification server -> client window/showMessage

16:59:22.319 [debug] sent notification server -> client window/logMessage

16:59:22.319 [info] Downloaded 0.22.8 of Next LS

17:19:14.207 [error] GenServer NextLS.Buffer terminating
** (Jason.DecodeError) unexpected end of input at position 64
    (jason 1.4.1) lib/jason.ex:92: Jason.decode!/2
    (gen_lsp 0.8.1) lib/gen_lsp/buffer.ex:87: anonymous fn/3 in GenLSP.Buffer.handle_cast/2
    (telemetry 1.2.1) /Users/runner/work/next-ls/next-ls/deps/telemetry/src/telemetry.erl:321: :telemetry.span/3
    (gen_lsp 0.8.1) lib/gen_lsp/buffer.ex:85: GenLSP.Buffer.handle_cast/2
    (stdlib 5.2) gen_server.erl:1121: :gen_server.try_handle_cast/3
    (stdlib 5.2) gen_server.erl:1183: :gen_server.handle_msg/6
    (stdlib 5.2) proc_lib.erl:241: :proc_lib.init_p_do_apply/3
Last message: {:"$gen_cast", {:incoming, "\r\n{\"jsonrpc\":\"2.0\",\"method\":\"$/cancelRequest\",\"params\":{\"id\":122"}}
State: %{lsp: #PID<0.266.0>, awaiting_response: %{4 => {#PID<0.264.0>, #Reference<0.1636471930.1114898435.166459>}}, comm_data: nil, comm: GenLSP.Communication.Stdio}

17:19:14.214 [error] Task #PID<0.264.0> started from #PID<0.255.0> terminating
** (stop) exited in: GenServer.call(NextLS.Buffer, {:outgoing_sync, %{"id" => 4, "jsonrpc" => "2.0", "method" => "window/workDoneProgress/create", "params" => %{"token" => "90pX1kI4"}}}, :infinity)
    ** (EXIT) an exception was raised:
        ** (Jason.DecodeError) unexpected end of input at position 64
            (jason 1.4.1) lib/jason.ex:92: Jason.decode!/2
            (gen_lsp 0.8.1) lib/gen_lsp/buffer.ex:87: anonymous fn/3 in GenLSP.Buffer.handle_cast/2
            (telemetry 1.2.1) /Users/runner/work/next-ls/next-ls/deps/telemetry/src/telemetry.erl:321: :telemetry.span/3
            (gen_lsp 0.8.1) lib/gen_lsp/buffer.ex:85: GenLSP.Buffer.handle_cast/2
            (stdlib 5.2) gen_server.erl:1121: :gen_server.try_handle_cast/3
            (stdlib 5.2) gen_server.erl:1183: :gen_server.handle_msg/6
            (stdlib 5.2) proc_lib.erl:241: :proc_lib.init_p_do_apply/3
    (elixir 1.17.0-dev) lib/gen_server.ex:1110: GenServer.call/3
    (gen_lsp 0.8.1) lib/gen_lsp.ex:241: anonymous fn/3 in GenLSP.request/3
    (telemetry 1.2.1) /Users/runner/work/next-ls/next-ls/deps/telemetry/src/telemetry.erl:321: :telemetry.span/3
    (next_ls 0.20.2) lib/next_ls/progress.ex:9: anonymous fn/3 in NextLS.Progress.start/3
    (elixir 1.17.0-dev) lib/task/supervised.ex:101: Task.Supervised.invoke_mfa/2
Function: #Function<0.9739460/0 in NextLS.Progress.start/3>
    Args: []

09:18:46.684 [info] Loading 75 CA(s) from :otp store
